Using pre-set license
Built from '2020.2/staging' branch; Version is '2020.2.5f1 (e2c53f129de5) revision 14861631'; Using compiler version '192528614'; Build Type 'Release'
OS: 'Windows 10 Home; OS build 19042.1415; Version 2009; 64bit' Language: 'ja' Physical Memory: 32686 MB
BatchMode: 1, IsHumanControllingUs: 0, StartBugReporterOnCrash: 0, Is64bit: 1, IsPro: 0

 COMMAND LINE ARGUMENTS:
D:\unity\2020.2.5f1\Editor\Unity.exe
-adb2
-batchMode
-noUpm
-name
AssetImportWorker1
-projectPath
C:/Users/ikaya/Documents/GitHub/Lets_go_Village/Lets_go_Village
-logFile
Logs/AssetImportWorker1.log
-srvPort
62282
Successfully changed project path to: C:/Users/ikaya/Documents/GitHub/Lets_go_Village/Lets_go_Village
C:/Users/ikaya/Documents/GitHub/Lets_go_Village/Lets_go_Village
Using Asset Import Pipeline V2.
Refreshing native plugins compatible for Editor in 37.32 ms, found 1 plugins.
Preloading 0 native plugins for Editor in 0.00 ms.
Initialize engine version: 2020.2.5f1 (e2c53f129de5)
[Subsystems] Discovering subsystems at path D:/unity/2020.2.5f1/Editor/Data/Resources/UnitySubsystems
[Subsystems] Discovering subsystems at path C:/Users/ikaya/Documents/GitHub/Lets_go_Village/Lets_go_Village/Assets
GfxDevice: creating device client; threaded=0
Direct3D:
    Version:  Direct3D 11.0 [level 11.1]
    Renderer: NVIDIA GeForce RTX 2070 (ID=0x1f02)
    Vendor:   
    VRAM:     8031 MB
    Driver:   27.21.14.5751
Initialize mono
Mono path[0] = 'D:/unity/2020.2.5f1/Editor/Data/Managed'
Mono path[1] = 'D:/unity/2020.2.5f1/Editor/Data/MonoBleedingEdge/lib/mono/unityjit'
Mono config path = 'D:/unity/2020.2.5f1/Editor/Data/MonoBleedingEdge/etc'
Using monoOptions --debugger-agent=transport=dt_socket,embedding=1,server=y,suspend=n,address=127.0.0.1:56824
Begin MonoManager ReloadAssembly
Registering precompiled unity dll's ...
Register platform support module: D:/unity/2020.2.5f1/Editor/Data/PlaybackEngines/MacStandaloneSupport/UnityEditor.OSXStandalone.Extensions.dll
Register platform support module: D:/unity/2020.2.5f1/Editor/Data/PlaybackEngines/WindowsStandaloneSupport/UnityEditor.WindowsStandalone.Extensions.dll
Registered in 0.000917 seconds.
Native extension for WindowsStandalone target not found
Native extension for OSXStandalone target not found
Refreshing native plugins compatible for Editor in 38.17 ms, found 1 plugins.
Preloading 0 native plugins for Editor in 0.00 ms.
Invoked RoslynAnalysisRunner static constructor.
RoslynAnalysisRunner will not be running.
RoslynAnalysisRunner has terminated.
Mono: successfully reloaded assembly
- Completed reload, in  0.787 seconds
Platform modules already initialized, skipping
Registering precompiled user dll's ...
Registered in 0.000766 seconds.
Begin MonoManager ReloadAssembly
Native extension for WindowsStandalone target not found
Native extension for OSXStandalone target not found
Refreshing native plugins compatible for Editor in 53.85 ms, found 1 plugins.
Preloading 0 native plugins for Editor in 0.00 ms.
Invoked RoslynAnalysisRunner static constructor.
RoslynAnalysisRunner will not be running.
RoslynAnalysisRunner has terminated.
Mono: successfully reloaded assembly
- Completed reload, in  0.816 seconds
Platform modules already initialized, skipping
========================================================================
Worker process is ready to serve import requests
Launched and connected shader compiler UnityShaderCompiler.exe after 0.13 seconds
Refreshing native plugins compatible for Editor in 0.43 ms, found 1 plugins.
Preloading 0 native plugins for Editor in 0.00 ms.
Unloading 1997 Unused Serialized files (Serialized files now loaded: 0)
System memory in use before: 94.9 MB.
System memory in use after: 95.1 MB.

Unloading 18 unused Assets to reduce memory usage. Loaded Objects now: 2447.
Total: 1.879300 ms (FindLiveObjects: 0.159500 ms CreateObjectMapping: 0.054900 ms MarkObjects: 1.643700 ms  DeleteObjects: 0.020200 ms)

========================================================================
Received Import Request.
  path: Assets/Prefabs/Enemy/Magican
  artifactKey: Guid(ada32aa9cd15abd49aaf63cd4ae847c5) Importer(815301076,1909f56bfc062723c751e8b465ee728b)
Start importing Assets/Prefabs/Enemy/Magican using Guid(ada32aa9cd15abd49aaf63cd4ae847c5) Importer(815301076,1909f56bfc062723c751e8b465ee728b)  -> (artifact id: '02f1e9c20a7b4da8d531dfc445fc0bd3') in 0.011783 seconds
  Import took 0.016053 seconds .

========================================================================
Received Import Request.
  Time since last request: 6.470119 seconds.
  path: Assets/Prefabs/Enemy/Magican/Magician.prefab
  artifactKey: Guid(5740daadbad1b054bbbd8573fa47a086) Importer(815301076,1909f56bfc062723c751e8b465ee728b)
Start importing Assets/Prefabs/Enemy/Magican/Magician.prefab using Guid(5740daadbad1b054bbbd8573fa47a086) Importer(815301076,1909f56bfc062723c751e8b465ee728b)  -> (artifact id: '726ab260d95a4546d2fb08896e13b910') in 0.110921 seconds
  Import took 0.114073 seconds .

========================================================================
Received Import Request.
  Time since last request: 71.493848 seconds.
  path: Assets/Prefabs/Player
  artifactKey: Guid(e8a41cbb58911244dbffed2aa817453f) Importer(815301076,1909f56bfc062723c751e8b465ee728b)
Start importing Assets/Prefabs/Player using Guid(e8a41cbb58911244dbffed2aa817453f) Importer(815301076,1909f56bfc062723c751e8b465ee728b)  -> (artifact id: 'c4861d193314a3d7d85d7636224548a9') in 0.006798 seconds
  Import took 0.010192 seconds .

========================================================================
Received Import Request.
  Time since last request: 31.519121 seconds.
  path: Assets/Prefabs/Player/Player.prefab
  artifactKey: Guid(50fc2259aaf01ff458c626116916b579) Importer(815301076,1909f56bfc062723c751e8b465ee728b)
Start importing Assets/Prefabs/Player/Player.prefab using Guid(50fc2259aaf01ff458c626116916b579) Importer(815301076,1909f56bfc062723c751e8b465ee728b)  -> (artifact id: '9bf8e68145d5a65393cc16ef68520bf3') in 0.028697 seconds
  Import took 0.033399 seconds .

========================================================================
Received Prepare
Registering precompiled user dll's ...
Registered in 0.000867 seconds.
Begin MonoManager ReloadAssembly
Native extension for WindowsStandalone target not found
Native extension for OSXStandalone target not found
Refreshing native plugins compatible for Editor in 0.37 ms, found 1 plugins.
Preloading 0 native plugins for Editor in 0.00 ms.
Invoked RoslynAnalysisRunner static constructor.
RoslynAnalysisRunner will not be running.
RoslynAnalysisRunner has terminated.
Mono: successfully reloaded assembly
- Completed reload, in  0.712 seconds
Platform modules already initialized, skipping
Refreshing native plugins compatible for Editor in 0.39 ms, found 1 plugins.
Preloading 0 native plugins for Editor in 0.00 ms.
Unloading 1984 Unused Serialized files (Serialized files now loaded: 0)
System memory in use before: 97.4 MB.
System memory in use after: 97.6 MB.

Unloading 8 unused Assets to reduce memory usage. Loaded Objects now: 2456.
Total: 2.950600 ms (FindLiveObjects: 0.185800 ms CreateObjectMapping: 0.084500 ms MarkObjects: 2.656900 ms  DeleteObjects: 0.021100 ms)

========================================================================
Received Prepare
Registering precompiled user dll's ...
Registered in 0.001081 seconds.
Begin MonoManager ReloadAssembly
Native extension for WindowsStandalone target not found
Native extension for OSXStandalone target not found
Refreshing native plugins compatible for Editor in 0.42 ms, found 1 plugins.
Preloading 0 native plugins for Editor in 0.00 ms.
Invoked RoslynAnalysisRunner static constructor.
RoslynAnalysisRunner will not be running.
RoslynAnalysisRunner has terminated.
Mono: successfully reloaded assembly
- Completed reload, in  0.803 seconds
Platform modules already initialized, skipping
Refreshing native plugins compatible for Editor in 0.42 ms, found 1 plugins.
Preloading 0 native plugins for Editor in 0.00 ms.
Unloading 1984 Unused Serialized files (Serialized files now loaded: 0)
System memory in use before: 97.5 MB.
System memory in use after: 97.6 MB.

Unloading 8 unused Assets to reduce memory usage. Loaded Objects now: 2458.
Total: 1.839500 ms (FindLiveObjects: 0.177200 ms CreateObjectMapping: 0.069400 ms MarkObjects: 1.579400 ms  DeleteObjects: 0.012700 ms)

========================================================================
Received Prepare
Registering precompiled user dll's ...
Registered in 0.000851 seconds.
Begin MonoManager ReloadAssembly
Native extension for WindowsStandalone target not found
Native extension for OSXStandalone target not found
Refreshing native plugins compatible for Editor in 0.41 ms, found 1 plugins.
Preloading 0 native plugins for Editor in 0.00 ms.
Invoked RoslynAnalysisRunner static constructor.
RoslynAnalysisRunner will not be running.
RoslynAnalysisRunner has terminated.
Mono: successfully reloaded assembly
- Completed reload, in  0.808 seconds
Platform modules already initialized, skipping
Refreshing native plugins compatible for Editor in 0.45 ms, found 1 plugins.
Preloading 0 native plugins for Editor in 0.00 ms.
Unloading 1984 Unused Serialized files (Serialized files now loaded: 0)
System memory in use before: 97.5 MB.
System memory in use after: 97.6 MB.

Unloading 8 unused Assets to reduce memory usage. Loaded Objects now: 2460.
Total: 2.038400 ms (FindLiveObjects: 0.339300 ms CreateObjectMapping: 0.148100 ms MarkObjects: 1.538500 ms  DeleteObjects: 0.011500 ms)

========================================================================
Received Import Request.
  Time since last request: 281.353749 seconds.
  path: Assets/Prefabs/Player/Player.prefab
  artifactKey: Guid(50fc2259aaf01ff458c626116916b579) Importer(815301076,1909f56bfc062723c751e8b465ee728b)
Start importing Assets/Prefabs/Player/Player.prefab using Guid(50fc2259aaf01ff458c626116916b579) Importer(815301076,1909f56bfc062723c751e8b465ee728b)  -> (artifact id: '2f1596e08847745c155ef89651e8d584') in 0.070533 seconds
  Import took 0.074381 seconds .

========================================================================
Received Prepare
Registering precompiled user dll's ...
Registered in 0.000770 seconds.
Begin MonoManager ReloadAssembly
Native extension for WindowsStandalone target not found
Native extension for OSXStandalone target not found
Refreshing native plugins compatible for Editor in 0.56 ms, found 1 plugins.
Preloading 0 native plugins for Editor in 0.00 ms.
Invoked RoslynAnalysisRunner static constructor.
RoslynAnalysisRunner will not be running.
RoslynAnalysisRunner has terminated.
Mono: successfully reloaded assembly
- Completed reload, in  0.823 seconds
Platform modules already initialized, skipping
Refreshing native plugins compatible for Editor in 0.43 ms, found 1 plugins.
Preloading 0 native plugins for Editor in 0.00 ms.
Unloading 1984 Unused Serialized files (Serialized files now loaded: 0)
System memory in use before: 97.5 MB.
System memory in use after: 97.6 MB.

Unloading 8 unused Assets to reduce memory usage. Loaded Objects now: 2463.
Total: 1.597100 ms (FindLiveObjects: 0.162900 ms CreateObjectMapping: 0.060000 ms MarkObjects: 1.361700 ms  DeleteObjects: 0.011600 ms)

========================================================================
Received Import Request.
  Time since last request: 123.437759 seconds.
  path: Assets/UnityAssets/EVil Wizard/Sprites/Magician.controller
  artifactKey: Guid(75f61c5fe4cfb114fa56172c8dad80bd) Importer(815301076,1909f56bfc062723c751e8b465ee728b)
Start importing Assets/UnityAssets/EVil Wizard/Sprites/Magician.controller using Guid(75f61c5fe4cfb114fa56172c8dad80bd) Importer(815301076,1909f56bfc062723c751e8b465ee728b)  -> (artifact id: 'b1161a728901bdfe0486eff18cee5f24') in 0.019193 seconds
  Import took 0.022459 seconds .

========================================================================
Received Import Request.
  Time since last request: 0.001902 seconds.
  path: Assets/UnityAssets/EVil Wizard/Sprites/Magician.controller
  artifactKey: Guid(75f61c5fe4cfb114fa56172c8dad80bd) Importer(815301076,1909f56bfc062723c751e8b465ee728b)
Start importing Assets/UnityAssets/EVil Wizard/Sprites/Magician.controller using Guid(75f61c5fe4cfb114fa56172c8dad80bd) Importer(815301076,1909f56bfc062723c751e8b465ee728b)  -> (artifact id: 'b1161a728901bdfe0486eff18cee5f24') in 0.005274 seconds
  Import took 0.008245 seconds .

AssetImportWorkerClient::OnTransportError - code=2 error=End of file
